

Started GET "/" for ::1 at 2015-03-02 14:20:19 +0100
Processing by Rails::WelcomeController#index as HTML
  Rendered /Users/miguel/.rvm/gems/ruby-2.1.5/gems/railties-4.2.0/lib/rails/templates/rails/welcome/index.html.erb (2.5ms)
Completed 200 OK in 28ms (Views: 15.2ms | ActiveRecord: 0.0ms)


Started GET "/" for 127.0.0.1 at 2015-03-02 14:25:33 +0100

ActiveRecord::PendingMigrationError (

Migrations are pending. To resolve this issue, run:

	bin/rake db:migrate RAILS_ENV=development

):
  activerecord (4.2.0) lib/active_record/migration.rb:393:in `check_pending!'
  activerecord (4.2.0) lib/active_record/migration.rb:374:in `call'
  actionpack (4.2.0) lib/action_dispatch/middleware/callbacks.rb:29:in `block in call'
  activesupport (4.2.0) lib/active_support/callbacks.rb:88:in `call'
  activesupport (4.2.0) lib/active_support/callbacks.rb:88:in `_run_callbacks'
  activesupport (4.2.0) lib/active_support/callbacks.rb:734:in `_run_call_callbacks'
  activesupport (4.2.0) lib/active_support/callbacks.rb:81:in `run_callbacks'
  actionpack (4.2.0) lib/action_dispatch/middleware/callbacks.rb:27:in `call'
  actionpack (4.2.0) lib/action_dispatch/middleware/reloader.rb:73:in `call'
  actionpack (4.2.0) lib/action_dispatch/middleware/remote_ip.rb:78:in `call'
  actionpack (4.2.0) lib/action_dispatch/middleware/debug_exceptions.rb:17:in `call'
  web-console (2.1.0) lib/web_console/middleware.rb:37:in `call'
  actionpack (4.2.0) lib/action_dispatch/middleware/show_exceptions.rb:30:in `call'
  railties (4.2.0) lib/rails/rack/logger.rb:38:in `call_app'
  railties (4.2.0) lib/rails/rack/logger.rb:20:in `block in call'
  activesupport (4.2.0) lib/active_support/tagged_logging.rb:68:in `block in tagged'
  activesupport (4.2.0) lib/active_support/tagged_logging.rb:26:in `tagged'
  activesupport (4.2.0) lib/active_support/tagged_logging.rb:68:in `tagged'
  railties (4.2.0) lib/rails/rack/logger.rb:20:in `call'
  actionpack (4.2.0) lib/action_dispatch/middleware/request_id.rb:21:in `call'
  rack (1.6.0) lib/rack/methodoverride.rb:22:in `call'
  rack (1.6.0) lib/rack/runtime.rb:18:in `call'
  activesupport (4.2.0) lib/active_support/cache/strategy/local_cache_middleware.rb:28:in `call'
  rack (1.6.0) lib/rack/lock.rb:17:in `call'
  actionpack (4.2.0) lib/action_dispatch/middleware/static.rb:113:in `call'
  rack (1.6.0) lib/rack/sendfile.rb:113:in `call'
  railties (4.2.0) lib/rails/engine.rb:518:in `call'
  railties (4.2.0) lib/rails/application.rb:164:in `call'
  rack (1.6.0) lib/rack/lock.rb:17:in `call'
  rack (1.6.0) lib/rack/content_length.rb:15:in `call'
  rack (1.6.0) lib/rack/handler/webrick.rb:89:in `service'
  /Users/miguel/.rvm/rubies/ruby-2.1.5/lib/ruby/2.1.0/webrick/httpserver.rb:138:in `service'
  /Users/miguel/.rvm/rubies/ruby-2.1.5/lib/ruby/2.1.0/webrick/httpserver.rb:94:in `run'
  /Users/miguel/.rvm/rubies/ruby-2.1.5/lib/ruby/2.1.0/webrick/server.rb:295:in `block in start_thread'


  Rendered /Users/miguel/.rvm/gems/ruby-2.1.5/gems/actionpack-4.2.0/lib/action_dispatch/middleware/templates/rescues/_source.erb (3.8ms)
  Rendered /Users/miguel/.rvm/gems/ruby-2.1.5/gems/actionpack-4.2.0/lib/action_dispatch/middleware/templates/rescues/_trace.html.erb (2.0ms)
  Rendered /Users/miguel/.rvm/gems/ruby-2.1.5/gems/actionpack-4.2.0/lib/action_dispatch/middleware/templates/rescues/_request_and_response.html.erb (1.2ms)
  Rendered /Users/miguel/.rvm/gems/ruby-2.1.5/gems/actionpack-4.2.0/lib/action_dispatch/middleware/templates/rescues/diagnostics.html.erb within rescues/layout (31.0ms)
  Rendered /Users/miguel/.rvm/gems/ruby-2.1.5/gems/web-console-2.1.0/lib/web_console/templates/_markup.html (0.6ms)
  Rendered /Users/miguel/.rvm/gems/ruby-2.1.5/gems/web-console-2.1.0/lib/web_console/templates/style.css within layouts/inlined_string (0.3ms)
  Rendered /Users/miguel/.rvm/gems/ruby-2.1.5/gems/web-console-2.1.0/lib/web_console/templates/_inner_console_markup.html within layouts/inlined_string (0.4ms)
  Rendered /Users/miguel/.rvm/gems/ruby-2.1.5/gems/web-console-2.1.0/lib/web_console/templates/_prompt_box_markup.html within layouts/inlined_string (0.3ms)
  Rendered /Users/miguel/.rvm/gems/ruby-2.1.5/gems/web-console-2.1.0/lib/web_console/templates/console.js within layouts/javascript (22.6ms)
  Rendered /Users/miguel/.rvm/gems/ruby-2.1.5/gems/web-console-2.1.0/lib/web_console/templates/main.js within layouts/javascript (0.5ms)
  Rendered /Users/miguel/.rvm/gems/ruby-2.1.5/gems/web-console-2.1.0/lib/web_console/templates/error_page.js within layouts/javascript (0.6ms)
  Rendered /Users/miguel/.rvm/gems/ruby-2.1.5/gems/web-console-2.1.0/lib/web_console/templates/index.html (55.6ms)
  [1m[36m (1.2ms)[0m  [1mCREATE TABLE "schema_migrations" ("version" varchar NOT NULL) [0m
  [1m[35m (0.1ms)[0m  select sqlite_version(*)
  [1m[36m (1.0ms)[0m  [1mCREATE UNIQUE INDEX "unique_schema_migrations" ON "schema_migrations" ("version")[0m
  [1m[35mActiveRecord::SchemaMigration Load (0.1ms)[0m  SELECT "schema_migrations".* FROM "schema_migrations"
Migrating to CreateQuestions (20150302132504)
  [1m[36m (0.1ms)[0m  [1mbegin transaction[0m
  [1m[35m (0.6ms)[0m  CREATE TABLE "questions" ("id" INTEGER PRIMARY KEY AUTOINCREMENT NOT NULL, "description" text, "type" varchar, "marks" integer, "correct_answer" text, "created_at" datetime NOT NULL, "updated_at" datetime NOT NULL) 
  [1m[36mSQL (0.3ms)[0m  [1mINSERT INTO "schema_migrations" ("version") VALUES (?)[0m  [["version", "20150302132504"]]
  [1m[35m (0.8ms)[0m  commit transaction
  [1m[36mActiveRecord::SchemaMigration Load (0.1ms)[0m  [1mSELECT "schema_migrations".* FROM "schema_migrations"[0m


Started GET "/" for 127.0.0.1 at 2015-03-02 14:25:59 +0100
  [1m[36mActiveRecord::SchemaMigration Load (0.3ms)[0m  [1mSELECT "schema_migrations".* FROM "schema_migrations"[0m
Processing by Rails::WelcomeController#index as HTML
  Rendered /Users/miguel/.rvm/gems/ruby-2.1.5/gems/railties-4.2.0/lib/rails/templates/rails/welcome/index.html.erb (0.8ms)
Completed 200 OK in 20ms (Views: 5.8ms | ActiveRecord: 0.0ms)


Started GET "/questions" for 127.0.0.1 at 2015-03-02 14:26:05 +0100
Processing by QuestionsController#index as HTML
  [1m[35mQuestion Load (0.3ms)[0m  SELECT "questions".* FROM "questions"
  Rendered questions/index.html.haml within layouts/application (7.8ms)
Completed 200 OK in 2807ms (Views: 2802.9ms | ActiveRecord: 0.4ms)


Started GET "/assets/application-6c3c3be912f240f19c2d8bf512ddd526.css?body=1" for 127.0.0.1 at 2015-03-02 14:26:08 +0100


Started GET "/assets/jquery-87424c3c19e96d4fb033c10ebe21ec40.js?body=1" for 127.0.0.1 at 2015-03-02 14:26:08 +0100


Started GET "/assets/jquery_ujs-e27bd20a10d28155845a22d71ef94f2f.js?body=1" for 127.0.0.1 at 2015-03-02 14:26:08 +0100


Started GET "/assets/turbolinks-f87b3583ca50adb0488b031297f5580d.js?body=1" for 127.0.0.1 at 2015-03-02 14:26:08 +0100


Started GET "/assets/bootstrap/affix-31984abe1036c1c2f684af192191ce9f.js?body=1" for 127.0.0.1 at 2015-03-02 14:26:08 +0100


Started GET "/assets/bootstrap/alert-7c03e11fecf6b3ef100f76ae4f08586e.js?body=1" for 127.0.0.1 at 2015-03-02 14:26:08 +0100


Started GET "/assets/bootstrap-sprockets" for 127.0.0.1 at 2015-03-02 14:26:08 +0100


Started GET "/assets/bootstrap" for 127.0.0.1 at 2015-03-02 14:26:08 +0100


Started GET "/assets/bootstrap/button-98bba85be4dcdd597554e0b7ce8e33a2.js?body=1" for 127.0.0.1 at 2015-03-02 14:26:08 +0100


Started GET "/assets/bootstrap/carousel-93f34f850a932957c93b7605c79faf45.js?body=1" for 127.0.0.1 at 2015-03-02 14:26:08 +0100


Started GET "/assets/bootstrap/collapse-7a82a3d4fb154ded3d2702465e21ca00.js?body=1" for 127.0.0.1 at 2015-03-02 14:26:08 +0100


Started GET "/assets/bootstrap/dropdown-65c3929585250221f53bae696936ed44.js?body=1" for 127.0.0.1 at 2015-03-02 14:26:08 +0100


Started GET "/assets/bootstrap/tab-a90a1841af8c1eae12bfa5283a8093b0.js?body=1" for 127.0.0.1 at 2015-03-02 14:26:08 +0100


Started GET "/assets/bootstrap/transition-9e4de96204f41141474e9dbb59570af9.js?body=1" for 127.0.0.1 at 2015-03-02 14:26:08 +0100


Started GET "/assets/bootstrap/modal-ce380b9327d2cf6c826d8df818ea48a1.js?body=1" for 127.0.0.1 at 2015-03-02 14:26:08 +0100


Started GET "/assets/bootstrap/popover-5a060f876311e7fcb18f35058070de5a.js?body=1" for 127.0.0.1 at 2015-03-02 14:26:08 +0100


Started GET "/assets/bootstrap/tooltip-4d90d4ee015d2df34a7696864b2ea83c.js?body=1" for 127.0.0.1 at 2015-03-02 14:26:08 +0100


Started GET "/assets/bootstrap/scrollspy-e550695030be1d627d1ba91b14792316.js?body=1" for 127.0.0.1 at 2015-03-02 14:26:08 +0100


Started GET "/assets/bootstrap-sprockets-00b1738c651720f44abc4bbf70bedb3e.js?body=1" for 127.0.0.1 at 2015-03-02 14:26:08 +0100


Started GET "/assets/bootstrap-f069863cd7c15927c7faef4bba9fc907.js?body=1" for 127.0.0.1 at 2015-03-02 14:26:08 +0100


Started GET "/assets/questions-fcec5b5a277ac7c20cc9f45a209a3bcd.js?body=1" for 127.0.0.1 at 2015-03-02 14:26:08 +0100


Started GET "/assets/application-8c084e18c1c551e3a7fc4e01b5ae90d7.js?body=1" for 127.0.0.1 at 2015-03-02 14:26:08 +0100


Started GET "/questions" for 127.0.0.1 at 2015-03-02 14:34:29 +0100
Processing by QuestionsController#index as HTML
  [1m[36mQuestion Load (0.2ms)[0m  [1mSELECT "questions".* FROM "questions"[0m
  Rendered questions/index.html.haml within layouts/application (1.3ms)
Completed 200 OK in 176ms (Views: 175.1ms | ActiveRecord: 0.2ms)


Started GET "/assets/application-6c3c3be912f240f19c2d8bf512ddd526.css?body=1" for 127.0.0.1 at 2015-03-02 14:34:29 +0100


Started GET "/assets/jquery_ujs-e27bd20a10d28155845a22d71ef94f2f.js?body=1" for 127.0.0.1 at 2015-03-02 14:34:29 +0100


Started GET "/assets/turbolinks-f87b3583ca50adb0488b031297f5580d.js?body=1" for 127.0.0.1 at 2015-03-02 14:34:29 +0100


Started GET "/assets/jquery-87424c3c19e96d4fb033c10ebe21ec40.js?body=1" for 127.0.0.1 at 2015-03-02 14:34:29 +0100


Started GET "/assets/bootstrap-sprockets" for 127.0.0.1 at 2015-03-02 14:34:29 +0100


Started GET "/assets/bootstrap" for 127.0.0.1 at 2015-03-02 14:34:29 +0100


Started GET "/assets/bootstrap/affix-31984abe1036c1c2f684af192191ce9f.js?body=1" for 127.0.0.1 at 2015-03-02 14:34:29 +0100


Started GET "/assets/bootstrap/carousel-93f34f850a932957c93b7605c79faf45.js?body=1" for 127.0.0.1 at 2015-03-02 14:34:29 +0100


Started GET "/assets/bootstrap/button-98bba85be4dcdd597554e0b7ce8e33a2.js?body=1" for 127.0.0.1 at 2015-03-02 14:34:29 +0100


Started GET "/assets/bootstrap/alert-7c03e11fecf6b3ef100f76ae4f08586e.js?body=1" for 127.0.0.1 at 2015-03-02 14:34:29 +0100


Started GET "/assets/bootstrap/collapse-7a82a3d4fb154ded3d2702465e21ca00.js?body=1" for 127.0.0.1 at 2015-03-02 14:34:29 +0100


Started GET "/assets/bootstrap/dropdown-65c3929585250221f53bae696936ed44.js?body=1" for 127.0.0.1 at 2015-03-02 14:34:29 +0100


Started GET "/assets/bootstrap/tab-a90a1841af8c1eae12bfa5283a8093b0.js?body=1" for 127.0.0.1 at 2015-03-02 14:34:29 +0100


Started GET "/assets/bootstrap/scrollspy-e550695030be1d627d1ba91b14792316.js?body=1" for 127.0.0.1 at 2015-03-02 14:34:29 +0100


Started GET "/assets/bootstrap-sprockets-00b1738c651720f44abc4bbf70bedb3e.js?body=1" for 127.0.0.1 at 2015-03-02 14:34:29 +0100


Started GET "/assets/bootstrap/modal-ce380b9327d2cf6c826d8df818ea48a1.js?body=1" for 127.0.0.1 at 2015-03-02 14:34:29 +0100


Started GET "/assets/bootstrap/tooltip-4d90d4ee015d2df34a7696864b2ea83c.js?body=1" for 127.0.0.1 at 2015-03-02 14:34:29 +0100


Started GET "/assets/bootstrap/popover-5a060f876311e7fcb18f35058070de5a.js?body=1" for 127.0.0.1 at 2015-03-02 14:34:29 +0100


Started GET "/assets/bootstrap/transition-9e4de96204f41141474e9dbb59570af9.js?body=1" for 127.0.0.1 at 2015-03-02 14:34:30 +0100


Started GET "/assets/bootstrap-f069863cd7c15927c7faef4bba9fc907.js?body=1" for 127.0.0.1 at 2015-03-02 14:34:30 +0100


Started GET "/assets/questions-fcec5b5a277ac7c20cc9f45a209a3bcd.js?body=1" for 127.0.0.1 at 2015-03-02 14:34:30 +0100


Started GET "/assets/application-8c084e18c1c551e3a7fc4e01b5ae90d7.js?body=1" for 127.0.0.1 at 2015-03-02 14:34:30 +0100


Started GET "/questions" for ::1 at 2015-03-02 14:47:13 +0100
  [1m[36mActiveRecord::SchemaMigration Load (0.2ms)[0m  [1mSELECT "schema_migrations".* FROM "schema_migrations"[0m

ActiveRecord::PendingMigrationError (

Migrations are pending. To resolve this issue, run:

	bin/rake db:migrate RAILS_ENV=development

):
  activerecord (4.2.0) lib/active_record/migration.rb:393:in `check_pending!'
  activerecord (4.2.0) lib/active_record/migration.rb:374:in `call'
  actionpack (4.2.0) lib/action_dispatch/middleware/callbacks.rb:29:in `block in call'
  activesupport (4.2.0) lib/active_support/callbacks.rb:88:in `call'
  activesupport (4.2.0) lib/active_support/callbacks.rb:88:in `_run_callbacks'
  activesupport (4.2.0) lib/active_support/callbacks.rb:734:in `_run_call_callbacks'
  activesupport (4.2.0) lib/active_support/callbacks.rb:81:in `run_callbacks'
  actionpack (4.2.0) lib/action_dispatch/middleware/callbacks.rb:27:in `call'
  actionpack (4.2.0) lib/action_dispatch/middleware/reloader.rb:73:in `call'
  actionpack (4.2.0) lib/action_dispatch/middleware/remote_ip.rb:78:in `call'
  actionpack (4.2.0) lib/action_dispatch/middleware/debug_exceptions.rb:17:in `call'
  web-console (2.1.0) lib/web_console/middleware.rb:37:in `call'
  actionpack (4.2.0) lib/action_dispatch/middleware/show_exceptions.rb:30:in `call'
  railties (4.2.0) lib/rails/rack/logger.rb:38:in `call_app'
  railties (4.2.0) lib/rails/rack/logger.rb:20:in `block in call'
  activesupport (4.2.0) lib/active_support/tagged_logging.rb:68:in `block in tagged'
  activesupport (4.2.0) lib/active_support/tagged_logging.rb:26:in `tagged'
  activesupport (4.2.0) lib/active_support/tagged_logging.rb:68:in `tagged'
  railties (4.2.0) lib/rails/rack/logger.rb:20:in `call'
  actionpack (4.2.0) lib/action_dispatch/middleware/request_id.rb:21:in `call'
  rack (1.6.0) lib/rack/methodoverride.rb:22:in `call'
  rack (1.6.0) lib/rack/runtime.rb:18:in `call'
  activesupport (4.2.0) lib/active_support/cache/strategy/local_cache_middleware.rb:28:in `call'
  rack (1.6.0) lib/rack/lock.rb:17:in `call'
  actionpack (4.2.0) lib/action_dispatch/middleware/static.rb:113:in `call'
  rack (1.6.0) lib/rack/sendfile.rb:113:in `call'
  railties (4.2.0) lib/rails/engine.rb:518:in `call'
  railties (4.2.0) lib/rails/application.rb:164:in `call'
  rack (1.6.0) lib/rack/lock.rb:17:in `call'
  rack (1.6.0) lib/rack/content_length.rb:15:in `call'
  rack (1.6.0) lib/rack/handler/webrick.rb:89:in `service'
  /Users/miguel/.rvm/rubies/ruby-2.1.5/lib/ruby/2.1.0/webrick/httpserver.rb:138:in `service'
  /Users/miguel/.rvm/rubies/ruby-2.1.5/lib/ruby/2.1.0/webrick/httpserver.rb:94:in `run'
  /Users/miguel/.rvm/rubies/ruby-2.1.5/lib/ruby/2.1.0/webrick/server.rb:295:in `block in start_thread'


  Rendered /Users/miguel/.rvm/gems/ruby-2.1.5/gems/actionpack-4.2.0/lib/action_dispatch/middleware/templates/rescues/_source.erb (3.4ms)
  Rendered /Users/miguel/.rvm/gems/ruby-2.1.5/gems/actionpack-4.2.0/lib/action_dispatch/middleware/templates/rescues/_trace.html.erb (1.8ms)
  Rendered /Users/miguel/.rvm/gems/ruby-2.1.5/gems/actionpack-4.2.0/lib/action_dispatch/middleware/templates/rescues/_request_and_response.html.erb (1.0ms)
  Rendered /Users/miguel/.rvm/gems/ruby-2.1.5/gems/actionpack-4.2.0/lib/action_dispatch/middleware/templates/rescues/diagnostics.html.erb within rescues/layout (30.1ms)
  Rendered /Users/miguel/.rvm/gems/ruby-2.1.5/gems/web-console-2.1.0/lib/web_console/templates/_markup.html (0.8ms)
  Rendered /Users/miguel/.rvm/gems/ruby-2.1.5/gems/web-console-2.1.0/lib/web_console/templates/style.css within layouts/inlined_string (0.8ms)
  Rendered /Users/miguel/.rvm/gems/ruby-2.1.5/gems/web-console-2.1.0/lib/web_console/templates/_inner_console_markup.html within layouts/inlined_string (0.4ms)
  Rendered /Users/miguel/.rvm/gems/ruby-2.1.5/gems/web-console-2.1.0/lib/web_console/templates/_prompt_box_markup.html within layouts/inlined_string (0.4ms)
  Rendered /Users/miguel/.rvm/gems/ruby-2.1.5/gems/web-console-2.1.0/lib/web_console/templates/console.js within layouts/javascript (26.0ms)
  Rendered /Users/miguel/.rvm/gems/ruby-2.1.5/gems/web-console-2.1.0/lib/web_console/templates/main.js within layouts/javascript (0.4ms)
  Rendered /Users/miguel/.rvm/gems/ruby-2.1.5/gems/web-console-2.1.0/lib/web_console/templates/error_page.js within layouts/javascript (0.6ms)
  Rendered /Users/miguel/.rvm/gems/ruby-2.1.5/gems/web-console-2.1.0/lib/web_console/templates/index.html (63.2ms)
  [1m[36mActiveRecord::SchemaMigration Load (0.1ms)[0m  [1mSELECT "schema_migrations".* FROM "schema_migrations"[0m
Migrating to CreateQuestions (20150302134652)
  [1m[35m (0.1ms)[0m  begin transaction
  [1m[36m (19.0ms)[0m  [1mCREATE TABLE "questions" ("id" INTEGER PRIMARY KEY AUTOINCREMENT NOT NULL, "description" text, "type" varchar, "marks" integer, "correct_answer" text, "created_at" datetime NOT NULL, "updated_at" datetime NOT NULL) [0m
SQLite3::SQLException: table "questions" already exists: CREATE TABLE "questions" ("id" INTEGER PRIMARY KEY AUTOINCREMENT NOT NULL, "description" text, "type" varchar, "marks" integer, "correct_answer" text, "created_at" datetime NOT NULL, "updated_at" datetime NOT NULL) 
  [1m[35m (0.1ms)[0m  rollback transaction
  [1m[36m (2.4ms)[0m  [1mCREATE TABLE "schema_migrations" ("version" varchar NOT NULL) [0m
  [1m[35m (0.1ms)[0m  select sqlite_version(*)
  [1m[36m (1.3ms)[0m  [1mCREATE UNIQUE INDEX "unique_schema_migrations" ON "schema_migrations" ("version")[0m
  [1m[35mActiveRecord::SchemaMigration Load (0.1ms)[0m  SELECT "schema_migrations".* FROM "schema_migrations"
Migrating to CreateQuestions (20150302134652)
  [1m[36m (0.1ms)[0m  [1mbegin transaction[0m
  [1m[35m (0.4ms)[0m  CREATE TABLE "questions" ("id" INTEGER PRIMARY KEY AUTOINCREMENT NOT NULL, "description" text, "type" varchar, "marks" integer, "correct_answer" text, "created_at" datetime NOT NULL, "updated_at" datetime NOT NULL) 
  [1m[36mSQL (0.2ms)[0m  [1mINSERT INTO "schema_migrations" ("version") VALUES (?)[0m  [["version", "20150302134652"]]
  [1m[35m (1.0ms)[0m  commit transaction
  [1m[36mActiveRecord::SchemaMigration Load (0.1ms)[0m  [1mSELECT "schema_migrations".* FROM "schema_migrations"[0m


Started GET "/questions" for ::1 at 2015-03-02 14:47:46 +0100
  [1m[35mActiveRecord::SchemaMigration Load (0.1ms)[0m  SELECT "schema_migrations".* FROM "schema_migrations"
Processing by QuestionsController#index as HTML
  [1m[36mQuestion Load (0.2ms)[0m  [1mSELECT "questions".* FROM "questions"[0m
  Rendered questions/index.html.haml within layouts/application (5.5ms)
Completed 200 OK in 289ms (Views: 272.1ms | ActiveRecord: 0.3ms)


Started GET "/assets/application-6c3c3be912f240f19c2d8bf512ddd526.css?body=1" for ::1 at 2015-03-02 14:47:47 +0100


Started GET "/assets/turbolinks-f87b3583ca50adb0488b031297f5580d.js?body=1" for ::1 at 2015-03-02 14:47:47 +0100


Started GET "/assets/jquery-87424c3c19e96d4fb033c10ebe21ec40.js?body=1" for ::1 at 2015-03-02 14:47:47 +0100


Started GET "/assets/jquery_ujs-e27bd20a10d28155845a22d71ef94f2f.js?body=1" for ::1 at 2015-03-02 14:47:47 +0100


Started GET "/assets/bootstrap/affix-31984abe1036c1c2f684af192191ce9f.js?body=1" for ::1 at 2015-03-02 14:47:47 +0100


Started GET "/assets/bootstrap/alert-7c03e11fecf6b3ef100f76ae4f08586e.js?body=1" for ::1 at 2015-03-02 14:47:47 +0100


Started GET "/assets/bootstrap/button-98bba85be4dcdd597554e0b7ce8e33a2.js?body=1" for ::1 at 2015-03-02 14:47:47 +0100


Started GET "/assets/bootstrap-sprockets" for ::1 at 2015-03-02 14:47:47 +0100


Started GET "/assets/bootstrap" for ::1 at 2015-03-02 14:47:47 +0100


Started GET "/assets/bootstrap/carousel-93f34f850a932957c93b7605c79faf45.js?body=1" for ::1 at 2015-03-02 14:47:47 +0100


Started GET "/assets/bootstrap/collapse-7a82a3d4fb154ded3d2702465e21ca00.js?body=1" for ::1 at 2015-03-02 14:47:47 +0100


Started GET "/assets/bootstrap/dropdown-65c3929585250221f53bae696936ed44.js?body=1" for ::1 at 2015-03-02 14:47:47 +0100


Started GET "/assets/bootstrap/tab-a90a1841af8c1eae12bfa5283a8093b0.js?body=1" for ::1 at 2015-03-02 14:47:47 +0100


Started GET "/assets/bootstrap/transition-9e4de96204f41141474e9dbb59570af9.js?body=1" for ::1 at 2015-03-02 14:47:47 +0100


Started GET "/assets/bootstrap/modal-ce380b9327d2cf6c826d8df818ea48a1.js?body=1" for ::1 at 2015-03-02 14:47:47 +0100


Started GET "/assets/bootstrap/scrollspy-e550695030be1d627d1ba91b14792316.js?body=1" for ::1 at 2015-03-02 14:47:47 +0100


Started GET "/assets/bootstrap/popover-5a060f876311e7fcb18f35058070de5a.js?body=1" for ::1 at 2015-03-02 14:47:47 +0100


Started GET "/assets/bootstrap/tooltip-4d90d4ee015d2df34a7696864b2ea83c.js?body=1" for ::1 at 2015-03-02 14:47:47 +0100


Started GET "/assets/bootstrap-sprockets-00b1738c651720f44abc4bbf70bedb3e.js?body=1" for ::1 at 2015-03-02 14:47:47 +0100


Started GET "/assets/bootstrap-f069863cd7c15927c7faef4bba9fc907.js?body=1" for ::1 at 2015-03-02 14:47:47 +0100


Started GET "/assets/questions-fcec5b5a277ac7c20cc9f45a209a3bcd.js?body=1" for ::1 at 2015-03-02 14:47:47 +0100


Started GET "/assets/application-8c084e18c1c551e3a7fc4e01b5ae90d7.js?body=1" for ::1 at 2015-03-02 14:47:47 +0100


Started GET "/questions" for ::1 at 2015-03-02 14:51:08 +0100
  [1m[36mActiveRecord::SchemaMigration Load (0.2ms)[0m  [1mSELECT "schema_migrations".* FROM "schema_migrations"[0m

ActiveRecord::PendingMigrationError (

Migrations are pending. To resolve this issue, run:

	bin/rake db:migrate RAILS_ENV=development

):
  activerecord (4.2.0) lib/active_record/migration.rb:393:in `check_pending!'
  activerecord (4.2.0) lib/active_record/migration.rb:374:in `call'
  actionpack (4.2.0) lib/action_dispatch/middleware/callbacks.rb:29:in `block in call'
  activesupport (4.2.0) lib/active_support/callbacks.rb:88:in `call'
  activesupport (4.2.0) lib/active_support/callbacks.rb:88:in `_run_callbacks'
  activesupport (4.2.0) lib/active_support/callbacks.rb:734:in `_run_call_callbacks'
  activesupport (4.2.0) lib/active_support/callbacks.rb:81:in `run_callbacks'
  actionpack (4.2.0) lib/action_dispatch/middleware/callbacks.rb:27:in `call'
  actionpack (4.2.0) lib/action_dispatch/middleware/reloader.rb:73:in `call'
  actionpack (4.2.0) lib/action_dispatch/middleware/remote_ip.rb:78:in `call'
  actionpack (4.2.0) lib/action_dispatch/middleware/debug_exceptions.rb:17:in `call'
  web-console (2.1.0) lib/web_console/middleware.rb:37:in `call'
  actionpack (4.2.0) lib/action_dispatch/middleware/show_exceptions.rb:30:in `call'
  railties (4.2.0) lib/rails/rack/logger.rb:38:in `call_app'
  railties (4.2.0) lib/rails/rack/logger.rb:20:in `block in call'
  activesupport (4.2.0) lib/active_support/tagged_logging.rb:68:in `block in tagged'
  activesupport (4.2.0) lib/active_support/tagged_logging.rb:26:in `tagged'
  activesupport (4.2.0) lib/active_support/tagged_logging.rb:68:in `tagged'
  railties (4.2.0) lib/rails/rack/logger.rb:20:in `call'
  actionpack (4.2.0) lib/action_dispatch/middleware/request_id.rb:21:in `call'
  rack (1.6.0) lib/rack/methodoverride.rb:22:in `call'
  rack (1.6.0) lib/rack/runtime.rb:18:in `call'
  activesupport (4.2.0) lib/active_support/cache/strategy/local_cache_middleware.rb:28:in `call'
  rack (1.6.0) lib/rack/lock.rb:17:in `call'
  actionpack (4.2.0) lib/action_dispatch/middleware/static.rb:113:in `call'
  rack (1.6.0) lib/rack/sendfile.rb:113:in `call'
  railties (4.2.0) lib/rails/engine.rb:518:in `call'
  railties (4.2.0) lib/rails/application.rb:164:in `call'
  rack (1.6.0) lib/rack/lock.rb:17:in `call'
  rack (1.6.0) lib/rack/content_length.rb:15:in `call'
  rack (1.6.0) lib/rack/handler/webrick.rb:89:in `service'
  /Users/miguel/.rvm/rubies/ruby-2.2.0/lib/ruby/2.2.0/webrick/httpserver.rb:138:in `service'
  /Users/miguel/.rvm/rubies/ruby-2.2.0/lib/ruby/2.2.0/webrick/httpserver.rb:94:in `run'
  /Users/miguel/.rvm/rubies/ruby-2.2.0/lib/ruby/2.2.0/webrick/server.rb:294:in `block in start_thread'


  Rendered /Users/miguel/.rvm/gems/ruby-2.2.0/gems/actionpack-4.2.0/lib/action_dispatch/middleware/templates/rescues/_source.erb (4.5ms)
  Rendered /Users/miguel/.rvm/gems/ruby-2.2.0/gems/actionpack-4.2.0/lib/action_dispatch/middleware/templates/rescues/_trace.html.erb (2.7ms)
  Rendered /Users/miguel/.rvm/gems/ruby-2.2.0/gems/actionpack-4.2.0/lib/action_dispatch/middleware/templates/rescues/_request_and_response.html.erb (1.5ms)
  Rendered /Users/miguel/.rvm/gems/ruby-2.2.0/gems/actionpack-4.2.0/lib/action_dispatch/middleware/templates/rescues/diagnostics.html.erb within rescues/layout (78.1ms)
  Rendered /Users/miguel/.rvm/gems/ruby-2.2.0/gems/web-console-2.1.0/lib/web_console/templates/_markup.html (0.7ms)
  Rendered /Users/miguel/.rvm/gems/ruby-2.2.0/gems/web-console-2.1.0/lib/web_console/templates/style.css within layouts/inlined_string (0.5ms)
  Rendered /Users/miguel/.rvm/gems/ruby-2.2.0/gems/web-console-2.1.0/lib/web_console/templates/_inner_console_markup.html within layouts/inlined_string (0.5ms)
  Rendered /Users/miguel/.rvm/gems/ruby-2.2.0/gems/web-console-2.1.0/lib/web_console/templates/_prompt_box_markup.html within layouts/inlined_string (0.4ms)
  Rendered /Users/miguel/.rvm/gems/ruby-2.2.0/gems/web-console-2.1.0/lib/web_console/templates/console.js within layouts/javascript (62.8ms)
  Rendered /Users/miguel/.rvm/gems/ruby-2.2.0/gems/web-console-2.1.0/lib/web_console/templates/main.js within layouts/javascript (0.4ms)
  Rendered /Users/miguel/.rvm/gems/ruby-2.2.0/gems/web-console-2.1.0/lib/web_console/templates/error_page.js within layouts/javascript (0.6ms)
  Rendered /Users/miguel/.rvm/gems/ruby-2.2.0/gems/web-console-2.1.0/lib/web_console/templates/index.html (144.8ms)
  [1m[36m (2.7ms)[0m  [1mCREATE TABLE "schema_migrations" ("version" varchar NOT NULL) [0m
  [1m[35m (0.1ms)[0m  select sqlite_version(*)
  [1m[36m (1.4ms)[0m  [1mCREATE UNIQUE INDEX "unique_schema_migrations" ON "schema_migrations" ("version")[0m
  [1m[35mActiveRecord::SchemaMigration Load (0.1ms)[0m  SELECT "schema_migrations".* FROM "schema_migrations"
Migrating to CreateQuestions (20150302135059)
  [1m[36m (0.1ms)[0m  [1mbegin transaction[0m
  [1m[35m (0.5ms)[0m  CREATE TABLE "questions" ("id" INTEGER PRIMARY KEY AUTOINCREMENT NOT NULL, "description" text, "type" varchar, "marks" integer, "correct_answer" text, "created_at" datetime NOT NULL, "updated_at" datetime NOT NULL) 
  [1m[36mSQL (0.2ms)[0m  [1mINSERT INTO "schema_migrations" ("version") VALUES (?)[0m  [["version", "20150302135059"]]
  [1m[35m (1.0ms)[0m  commit transaction
  [1m[36mActiveRecord::SchemaMigration Load (0.1ms)[0m  [1mSELECT "schema_migrations".* FROM "schema_migrations"[0m


Started GET "/questions" for ::1 at 2015-03-02 14:51:37 +0100
  [1m[35mActiveRecord::SchemaMigration Load (0.2ms)[0m  SELECT "schema_migrations".* FROM "schema_migrations"
Processing by QuestionsController#index as HTML
  [1m[36mQuestion Load (0.2ms)[0m  [1mSELECT "questions".* FROM "questions"[0m
  Rendered questions/index.html.haml within layouts/application (5.6ms)
Completed 200 OK in 2381ms (Views: 2367.1ms | ActiveRecord: 0.3ms)


Started GET "/assets/application-6c3c3be912f240f19c2d8bf512ddd526.css?body=1" for ::1 at 2015-03-02 14:51:40 +0100


Started GET "/assets/jquery-87424c3c19e96d4fb033c10ebe21ec40.js?body=1" for ::1 at 2015-03-02 14:51:40 +0100


Started GET "/assets/bootstrap/alert-7c03e11fecf6b3ef100f76ae4f08586e.js?body=1" for ::1 at 2015-03-02 14:51:40 +0100


Started GET "/assets/bootstrap/affix-31984abe1036c1c2f684af192191ce9f.js?body=1" for ::1 at 2015-03-02 14:51:40 +0100


Started GET "/assets/jquery_ujs-e27bd20a10d28155845a22d71ef94f2f.js?body=1" for ::1 at 2015-03-02 14:51:40 +0100


Started GET "/assets/turbolinks-f87b3583ca50adb0488b031297f5580d.js?body=1" for ::1 at 2015-03-02 14:51:40 +0100


Started GET "/assets/bootstrap/button-98bba85be4dcdd597554e0b7ce8e33a2.js?body=1" for ::1 at 2015-03-02 14:51:40 +0100


Started GET "/assets/bootstrap-sprockets" for ::1 at 2015-03-02 14:51:40 +0100


Started GET "/assets/bootstrap" for ::1 at 2015-03-02 14:51:40 +0100


Started GET "/assets/bootstrap/carousel-93f34f850a932957c93b7605c79faf45.js?body=1" for ::1 at 2015-03-02 14:51:40 +0100


Started GET "/assets/bootstrap/collapse-7a82a3d4fb154ded3d2702465e21ca00.js?body=1" for ::1 at 2015-03-02 14:51:40 +0100


Started GET "/assets/bootstrap/dropdown-65c3929585250221f53bae696936ed44.js?body=1" for ::1 at 2015-03-02 14:51:40 +0100


Started GET "/assets/bootstrap/tab-a90a1841af8c1eae12bfa5283a8093b0.js?body=1" for ::1 at 2015-03-02 14:51:40 +0100


Started GET "/assets/bootstrap/transition-9e4de96204f41141474e9dbb59570af9.js?body=1" for ::1 at 2015-03-02 14:51:40 +0100


Started GET "/assets/bootstrap/scrollspy-e550695030be1d627d1ba91b14792316.js?body=1" for ::1 at 2015-03-02 14:51:40 +0100


Started GET "/assets/bootstrap/tooltip-4d90d4ee015d2df34a7696864b2ea83c.js?body=1" for ::1 at 2015-03-02 14:51:40 +0100


Started GET "/assets/bootstrap/modal-ce380b9327d2cf6c826d8df818ea48a1.js?body=1" for ::1 at 2015-03-02 14:51:40 +0100


Started GET "/assets/bootstrap/popover-5a060f876311e7fcb18f35058070de5a.js?body=1" for ::1 at 2015-03-02 14:51:40 +0100


Started GET "/assets/bootstrap-sprockets-00b1738c651720f44abc4bbf70bedb3e.js?body=1" for ::1 at 2015-03-02 14:51:40 +0100


Started GET "/assets/bootstrap-f069863cd7c15927c7faef4bba9fc907.js?body=1" for ::1 at 2015-03-02 14:51:40 +0100


Started GET "/assets/questions-fcec5b5a277ac7c20cc9f45a209a3bcd.js?body=1" for ::1 at 2015-03-02 14:51:40 +0100


Started GET "/assets/application-8c084e18c1c551e3a7fc4e01b5ae90d7.js?body=1" for ::1 at 2015-03-02 14:51:40 +0100


Started GET "/questions" for ::1 at 2015-03-02 14:57:48 +0100
Processing by QuestionsController#index as HTML
  [1m[35mQuestion Load (0.2ms)[0m  SELECT "questions".* FROM "questions"
  Rendered questions/index.html.haml within layouts/application (1.6ms)
Completed 200 OK in 3341ms (Views: 3339.7ms | ActiveRecord: 0.2ms)


Started GET "/assets/application-936c57be323aab5ea21262f53ec6ced4.css?body=1" for ::1 at 2015-03-02 14:57:51 +0100


Started GET "/assets/jquery-87424c3c19e96d4fb033c10ebe21ec40.js?body=1" for ::1 at 2015-03-02 14:57:51 +0100


Started GET "/assets/turbolinks-f87b3583ca50adb0488b031297f5580d.js?body=1" for ::1 at 2015-03-02 14:57:51 +0100


Started GET "/assets/bootstrap/affix-31984abe1036c1c2f684af192191ce9f.js?body=1" for ::1 at 2015-03-02 14:57:51 +0100


Started GET "/assets/jquery_ujs-e27bd20a10d28155845a22d71ef94f2f.js?body=1" for ::1 at 2015-03-02 14:57:51 +0100


Started GET "/assets/bootstrap/alert-7c03e11fecf6b3ef100f76ae4f08586e.js?body=1" for ::1 at 2015-03-02 14:57:51 +0100


Started GET "/assets/bootstrap/carousel-93f34f850a932957c93b7605c79faf45.js?body=1" for ::1 at 2015-03-02 14:57:51 +0100


Started GET "/assets/bootstrap/button-98bba85be4dcdd597554e0b7ce8e33a2.js?body=1" for ::1 at 2015-03-02 14:57:51 +0100


Started GET "/assets/bootstrap/collapse-7a82a3d4fb154ded3d2702465e21ca00.js?body=1" for ::1 at 2015-03-02 14:57:51 +0100


Started GET "/assets/bootstrap/dropdown-65c3929585250221f53bae696936ed44.js?body=1" for ::1 at 2015-03-02 14:57:51 +0100


Started GET "/assets/bootstrap/tab-a90a1841af8c1eae12bfa5283a8093b0.js?body=1" for ::1 at 2015-03-02 14:57:51 +0100


Started GET "/assets/bootstrap/transition-9e4de96204f41141474e9dbb59570af9.js?body=1" for ::1 at 2015-03-02 14:57:51 +0100


Started GET "/assets/bootstrap/scrollspy-e550695030be1d627d1ba91b14792316.js?body=1" for ::1 at 2015-03-02 14:57:51 +0100


Started GET "/assets/bootstrap/modal-ce380b9327d2cf6c826d8df818ea48a1.js?body=1" for ::1 at 2015-03-02 14:57:51 +0100


Started GET "/assets/bootstrap-sprockets-00b1738c651720f44abc4bbf70bedb3e.js?body=1" for ::1 at 2015-03-02 14:57:51 +0100


Started GET "/assets/bootstrap/tooltip-4d90d4ee015d2df34a7696864b2ea83c.js?body=1" for ::1 at 2015-03-02 14:57:51 +0100


Started GET "/assets/bootstrap-f069863cd7c15927c7faef4bba9fc907.js?body=1" for ::1 at 2015-03-02 14:57:51 +0100


Started GET "/assets/bootstrap/popover-5a060f876311e7fcb18f35058070de5a.js?body=1" for ::1 at 2015-03-02 14:57:51 +0100


Started GET "/assets/questions-fcec5b5a277ac7c20cc9f45a209a3bcd.js?body=1" for ::1 at 2015-03-02 14:57:51 +0100


Started GET "/assets/application-8c084e18c1c551e3a7fc4e01b5ae90d7.js?body=1" for ::1 at 2015-03-02 14:57:51 +0100


Started GET "/assets/bootstrap/glyphicons-halflings-regular-3b21d33cc4addb2ebfe7f625dad8559b.woff2" for ::1 at 2015-03-02 14:57:51 +0100


Started GET "/questions/new" for ::1 at 2015-03-02 14:58:07 +0100
Processing by QuestionsController#new as HTML
  Rendered questions/_form.html.haml (49.0ms)
  Rendered questions/new.html.haml within layouts/application (53.6ms)
Completed 200 OK in 180ms (Views: 173.1ms | ActiveRecord: 0.4ms)


Started GET "/questions" for ::1 at 2015-03-02 14:58:17 +0100
Processing by QuestionsController#index as HTML
  [1m[36mQuestion Load (0.2ms)[0m  [1mSELECT "questions".* FROM "questions"[0m
  Rendered questions/index.html.haml within layouts/application (6.3ms)
Completed 200 OK in 143ms (Views: 141.6ms | ActiveRecord: 0.2ms)


Started GET "/questions/new" for ::1 at 2015-03-02 14:58:19 +0100
Processing by QuestionsController#new as HTML
  Rendered questions/_form.html.haml (4.4ms)
  Rendered questions/new.html.haml within layouts/application (6.8ms)
Completed 200 OK in 157ms (Views: 156.0ms | ActiveRecord: 0.0ms)


Started GET "/questions" for ::1 at 2015-03-02 14:58:21 +0100
Processing by QuestionsController#index as HTML
  [1m[35mQuestion Load (0.2ms)[0m  SELECT "questions".* FROM "questions"
  Rendered questions/index.html.haml within layouts/application (1.2ms)
Completed 200 OK in 134ms (Views: 132.5ms | ActiveRecord: 0.2ms)


Started GET "/questions/new" for ::1 at 2015-03-02 14:59:01 +0100
Processing by QuestionsController#new as HTML
  Rendered questions/_form.html.haml (3.6ms)
  Rendered questions/new.html.haml within layouts/application (6.5ms)
Completed 200 OK in 128ms (Views: 127.3ms | ActiveRecord: 0.0ms)


Started POST "/questions" for ::1 at 2015-03-02 14:59:26 +0100
Processing by QuestionsController#create as HTML
  Parameters: {"utf8"=>"✓", "authenticity_token"=>"zQdxIIgoCe6aOu3CAiWk8lvLK63MvvsL9taPc/gDWUTnP2l0qDERoMKaNI1B38e4pP/cm9TpO18b1YmBeO/zxA==", "question"=>{"description"=>"loerhhjbeczbe", "type"=>"dehyak", "marks"=>"2", "correct_answer"=>"dezvzj"}, "commit"=>"Create Question"}
Completed 500 Internal Server Error in 2ms

ActiveRecord::SubclassNotFound (Invalid single-table inheritance type: dehyak is not a subclass of Question):
  app/controllers/questions_controller.rb:27:in `create'


  Rendered /Users/miguel/.rvm/gems/ruby-2.2.0/gems/actionpack-4.2.0/lib/action_dispatch/middleware/templates/rescues/_source.erb (7.0ms)
  Rendered /Users/miguel/.rvm/gems/ruby-2.2.0/gems/actionpack-4.2.0/lib/action_dispatch/middleware/templates/rescues/_trace.html.erb (3.6ms)
  Rendered /Users/miguel/.rvm/gems/ruby-2.2.0/gems/actionpack-4.2.0/lib/action_dispatch/middleware/templates/rescues/_request_and_response.html.erb (1.2ms)
  Rendered /Users/miguel/.rvm/gems/ruby-2.2.0/gems/actionpack-4.2.0/lib/action_dispatch/middleware/templates/rescues/diagnostics.html.erb within rescues/layout (77.3ms)
Cannot render console with content type application/x-www-form-urlencodedAllowed content types: [#<Mime::Type:0x007ff6db9b67c8 @synonyms=["application/xhtml+xml"], @symbol=:html, @string="text/html">, #<Mime::Type:0x007ff6db9b6480 @synonyms=[], @symbol=:text, @string="text/plain">]


Started GET "/questions/new" for ::1 at 2015-03-02 15:02:15 +0100
  [1m[36mActiveRecord::SchemaMigration Load (0.2ms)[0m  [1mSELECT "schema_migrations".* FROM "schema_migrations"[0m

ActiveRecord::PendingMigrationError (

Migrations are pending. To resolve this issue, run:

	bin/rake db:migrate RAILS_ENV=development

):
  activerecord (4.2.0) lib/active_record/migration.rb:393:in `check_pending!'
  activerecord (4.2.0) lib/active_record/migration.rb:374:in `call'
  actionpack (4.2.0) lib/action_dispatch/middleware/callbacks.rb:29:in `block in call'
  activesupport (4.2.0) lib/active_support/callbacks.rb:88:in `call'
  activesupport (4.2.0) lib/active_support/callbacks.rb:88:in `_run_callbacks'
  activesupport (4.2.0) lib/active_support/callbacks.rb:734:in `_run_call_callbacks'
  activesupport (4.2.0) lib/active_support/callbacks.rb:81:in `run_callbacks'
  actionpack (4.2.0) lib/action_dispatch/middleware/callbacks.rb:27:in `call'
  actionpack (4.2.0) lib/action_dispatch/middleware/reloader.rb:73:in `call'
  actionpack (4.2.0) lib/action_dispatch/middleware/remote_ip.rb:78:in `call'
  actionpack (4.2.0) lib/action_dispatch/middleware/debug_exceptions.rb:17:in `call'
  web-console (2.1.0) lib/web_console/middleware.rb:37:in `call'
  actionpack (4.2.0) lib/action_dispatch/middleware/show_exceptions.rb:30:in `call'
  railties (4.2.0) lib/rails/rack/logger.rb:38:in `call_app'
  railties (4.2.0) lib/rails/rack/logger.rb:20:in `block in call'
  activesupport (4.2.0) lib/active_support/tagged_logging.rb:68:in `block in tagged'
  activesupport (4.2.0) lib/active_support/tagged_logging.rb:26:in `tagged'
  activesupport (4.2.0) lib/active_support/tagged_logging.rb:68:in `tagged'
  railties (4.2.0) lib/rails/rack/logger.rb:20:in `call'
  actionpack (4.2.0) lib/action_dispatch/middleware/request_id.rb:21:in `call'
  rack (1.6.0) lib/rack/methodoverride.rb:22:in `call'
  rack (1.6.0) lib/rack/runtime.rb:18:in `call'
  activesupport (4.2.0) lib/active_support/cache/strategy/local_cache_middleware.rb:28:in `call'
  rack (1.6.0) lib/rack/lock.rb:17:in `call'
  actionpack (4.2.0) lib/action_dispatch/middleware/static.rb:113:in `call'
  rack (1.6.0) lib/rack/sendfile.rb:113:in `call'
  railties (4.2.0) lib/rails/engine.rb:518:in `call'
  railties (4.2.0) lib/rails/application.rb:164:in `call'
  rack (1.6.0) lib/rack/lock.rb:17:in `call'
  rack (1.6.0) lib/rack/content_length.rb:15:in `call'
  rack (1.6.0) lib/rack/handler/webrick.rb:89:in `service'
  /Users/miguel/.rvm/rubies/ruby-2.2.0/lib/ruby/2.2.0/webrick/httpserver.rb:138:in `service'
  /Users/miguel/.rvm/rubies/ruby-2.2.0/lib/ruby/2.2.0/webrick/httpserver.rb:94:in `run'
  /Users/miguel/.rvm/rubies/ruby-2.2.0/lib/ruby/2.2.0/webrick/server.rb:294:in `block in start_thread'


  Rendered /Users/miguel/.rvm/gems/ruby-2.2.0/gems/actionpack-4.2.0/lib/action_dispatch/middleware/templates/rescues/_source.erb (5.5ms)
  Rendered /Users/miguel/.rvm/gems/ruby-2.2.0/gems/actionpack-4.2.0/lib/action_dispatch/middleware/templates/rescues/_trace.html.erb (3.0ms)
  Rendered /Users/miguel/.rvm/gems/ruby-2.2.0/gems/actionpack-4.2.0/lib/action_dispatch/middleware/templates/rescues/_request_and_response.html.erb (1.1ms)
  Rendered /Users/miguel/.rvm/gems/ruby-2.2.0/gems/actionpack-4.2.0/lib/action_dispatch/middleware/templates/rescues/diagnostics.html.erb within rescues/layout (81.2ms)
  Rendered /Users/miguel/.rvm/gems/ruby-2.2.0/gems/web-console-2.1.0/lib/web_console/templates/_markup.html (16.4ms)
  Rendered /Users/miguel/.rvm/gems/ruby-2.2.0/gems/web-console-2.1.0/lib/web_console/templates/style.css within layouts/inlined_string (0.5ms)
  Rendered /Users/miguel/.rvm/gems/ruby-2.2.0/gems/web-console-2.1.0/lib/web_console/templates/_inner_console_markup.html within layouts/inlined_string (0.4ms)
  Rendered /Users/miguel/.rvm/gems/ruby-2.2.0/gems/web-console-2.1.0/lib/web_console/templates/_prompt_box_markup.html within layouts/inlined_string (0.4ms)
  Rendered /Users/miguel/.rvm/gems/ruby-2.2.0/gems/web-console-2.1.0/lib/web_console/templates/console.js within layouts/javascript (68.0ms)
  Rendered /Users/miguel/.rvm/gems/ruby-2.2.0/gems/web-console-2.1.0/lib/web_console/templates/main.js within layouts/javascript (0.7ms)
  Rendered /Users/miguel/.rvm/gems/ruby-2.2.0/gems/web-console-2.1.0/lib/web_console/templates/error_page.js within layouts/javascript (0.5ms)
  Rendered /Users/miguel/.rvm/gems/ruby-2.2.0/gems/web-console-2.1.0/lib/web_console/templates/index.html (171.2ms)


Started GET "/questions/new" for ::1 at 2015-03-02 15:02:23 +0100
  [1m[35mActiveRecord::SchemaMigration Load (0.1ms)[0m  SELECT "schema_migrations".* FROM "schema_migrations"

ActiveRecord::PendingMigrationError (

Migrations are pending. To resolve this issue, run:

	bin/rake db:migrate RAILS_ENV=development

):
  activerecord (4.2.0) lib/active_record/migration.rb:393:in `check_pending!'
  activerecord (4.2.0) lib/active_record/migration.rb:374:in `call'
  actionpack (4.2.0) lib/action_dispatch/middleware/callbacks.rb:29:in `block in call'
  activesupport (4.2.0) lib/active_support/callbacks.rb:88:in `call'
  activesupport (4.2.0) lib/active_support/callbacks.rb:88:in `_run_callbacks'
  activesupport (4.2.0) lib/active_support/callbacks.rb:734:in `_run_call_callbacks'
  activesupport (4.2.0) lib/active_support/callbacks.rb:81:in `run_callbacks'
  actionpack (4.2.0) lib/action_dispatch/middleware/callbacks.rb:27:in `call'
  actionpack (4.2.0) lib/action_dispatch/middleware/reloader.rb:73:in `call'
  actionpack (4.2.0) lib/action_dispatch/middleware/remote_ip.rb:78:in `call'
  actionpack (4.2.0) lib/action_dispatch/middleware/debug_exceptions.rb:17:in `call'
  web-console (2.1.0) lib/web_console/middleware.rb:37:in `call'
  actionpack (4.2.0) lib/action_dispatch/middleware/show_exceptions.rb:30:in `call'
  railties (4.2.0) lib/rails/rack/logger.rb:38:in `call_app'
  railties (4.2.0) lib/rails/rack/logger.rb:20:in `block in call'
  activesupport (4.2.0) lib/active_support/tagged_logging.rb:68:in `block in tagged'
  activesupport (4.2.0) lib/active_support/tagged_logging.rb:26:in `tagged'
  activesupport (4.2.0) lib/active_support/tagged_logging.rb:68:in `tagged'
  railties (4.2.0) lib/rails/rack/logger.rb:20:in `call'
  actionpack (4.2.0) lib/action_dispatch/middleware/request_id.rb:21:in `call'
  rack (1.6.0) lib/rack/methodoverride.rb:22:in `call'
  rack (1.6.0) lib/rack/runtime.rb:18:in `call'
  activesupport (4.2.0) lib/active_support/cache/strategy/local_cache_middleware.rb:28:in `call'
  rack (1.6.0) lib/rack/lock.rb:17:in `call'
  actionpack (4.2.0) lib/action_dispatch/middleware/static.rb:113:in `call'
  rack (1.6.0) lib/rack/sendfile.rb:113:in `call'
  railties (4.2.0) lib/rails/engine.rb:518:in `call'
  railties (4.2.0) lib/rails/application.rb:164:in `call'
  rack (1.6.0) lib/rack/lock.rb:17:in `call'
  rack (1.6.0) lib/rack/content_length.rb:15:in `call'
  rack (1.6.0) lib/rack/handler/webrick.rb:89:in `service'
  /Users/miguel/.rvm/rubies/ruby-2.2.0/lib/ruby/2.2.0/webrick/httpserver.rb:138:in `service'
  /Users/miguel/.rvm/rubies/ruby-2.2.0/lib/ruby/2.2.0/webrick/httpserver.rb:94:in `run'
  /Users/miguel/.rvm/rubies/ruby-2.2.0/lib/ruby/2.2.0/webrick/server.rb:294:in `block in start_thread'


  Rendered /Users/miguel/.rvm/gems/ruby-2.2.0/gems/actionpack-4.2.0/lib/action_dispatch/middleware/templates/rescues/_source.erb (4.7ms)
  Rendered /Users/miguel/.rvm/gems/ruby-2.2.0/gems/actionpack-4.2.0/lib/action_dispatch/middleware/templates/rescues/_trace.html.erb (2.0ms)
  Rendered /Users/miguel/.rvm/gems/ruby-2.2.0/gems/actionpack-4.2.0/lib/action_dispatch/middleware/templates/rescues/_request_and_response.html.erb (1.0ms)
  Rendered /Users/miguel/.rvm/gems/ruby-2.2.0/gems/actionpack-4.2.0/lib/action_dispatch/middleware/templates/rescues/diagnostics.html.erb within rescues/layout (68.0ms)
  Rendered /Users/miguel/.rvm/gems/ruby-2.2.0/gems/web-console-2.1.0/lib/web_console/templates/_markup.html (0.7ms)
  Rendered /Users/miguel/.rvm/gems/ruby-2.2.0/gems/web-console-2.1.0/lib/web_console/templates/style.css within layouts/inlined_string (0.4ms)
  Rendered /Users/miguel/.rvm/gems/ruby-2.2.0/gems/web-console-2.1.0/lib/web_console/templates/_inner_console_markup.html within layouts/inlined_string (0.6ms)
  Rendered /Users/miguel/.rvm/gems/ruby-2.2.0/gems/web-console-2.1.0/lib/web_console/templates/_prompt_box_markup.html within layouts/inlined_string (0.4ms)
  Rendered /Users/miguel/.rvm/gems/ruby-2.2.0/gems/web-console-2.1.0/lib/web_console/templates/console.js within layouts/javascript (58.9ms)
  Rendered /Users/miguel/.rvm/gems/ruby-2.2.0/gems/web-console-2.1.0/lib/web_console/templates/main.js within layouts/javascript (0.5ms)
  Rendered /Users/miguel/.rvm/gems/ruby-2.2.0/gems/web-console-2.1.0/lib/web_console/templates/error_page.js within layouts/javascript (0.6ms)
  Rendered /Users/miguel/.rvm/gems/ruby-2.2.0/gems/web-console-2.1.0/lib/web_console/templates/index.html (132.0ms)


Started GET "/questions/new" for ::1 at 2015-03-02 15:02:24 +0100
  [1m[36mActiveRecord::SchemaMigration Load (0.2ms)[0m  [1mSELECT "schema_migrations".* FROM "schema_migrations"[0m

ActiveRecord::PendingMigrationError (

Migrations are pending. To resolve this issue, run:

	bin/rake db:migrate RAILS_ENV=development

):
  activerecord (4.2.0) lib/active_record/migration.rb:393:in `check_pending!'
  activerecord (4.2.0) lib/active_record/migration.rb:374:in `call'
  actionpack (4.2.0) lib/action_dispatch/middleware/callbacks.rb:29:in `block in call'
  activesupport (4.2.0) lib/active_support/callbacks.rb:88:in `call'
  activesupport (4.2.0) lib/active_support/callbacks.rb:88:in `_run_callbacks'
  activesupport (4.2.0) lib/active_support/callbacks.rb:734:in `_run_call_callbacks'
  activesupport (4.2.0) lib/active_support/callbacks.rb:81:in `run_callbacks'
  actionpack (4.2.0) lib/action_dispatch/middleware/callbacks.rb:27:in `call'
  actionpack (4.2.0) lib/action_dispatch/middleware/reloader.rb:73:in `call'
  actionpack (4.2.0) lib/action_dispatch/middleware/remote_ip.rb:78:in `call'
  actionpack (4.2.0) lib/action_dispatch/middleware/debug_exceptions.rb:17:in `call'
  web-console (2.1.0) lib/web_console/middleware.rb:37:in `call'
  actionpack (4.2.0) lib/action_dispatch/middleware/show_exceptions.rb:30:in `call'
  railties (4.2.0) lib/rails/rack/logger.rb:38:in `call_app'
  railties (4.2.0) lib/rails/rack/logger.rb:20:in `block in call'
  activesupport (4.2.0) lib/active_support/tagged_logging.rb:68:in `block in tagged'
  activesupport (4.2.0) lib/active_support/tagged_logging.rb:26:in `tagged'
  activesupport (4.2.0) lib/active_support/tagged_logging.rb:68:in `tagged'
  railties (4.2.0) lib/rails/rack/logger.rb:20:in `call'
  actionpack (4.2.0) lib/action_dispatch/middleware/request_id.rb:21:in `call'
  rack (1.6.0) lib/rack/methodoverride.rb:22:in `call'
  rack (1.6.0) lib/rack/runtime.rb:18:in `call'
  activesupport (4.2.0) lib/active_support/cache/strategy/local_cache_middleware.rb:28:in `call'
  rack (1.6.0) lib/rack/lock.rb:17:in `call'
  actionpack (4.2.0) lib/action_dispatch/middleware/static.rb:113:in `call'
  rack (1.6.0) lib/rack/sendfile.rb:113:in `call'
  railties (4.2.0) lib/rails/engine.rb:518:in `call'
  railties (4.2.0) lib/rails/application.rb:164:in `call'
  rack (1.6.0) lib/rack/lock.rb:17:in `call'
  rack (1.6.0) lib/rack/content_length.rb:15:in `call'
  rack (1.6.0) lib/rack/handler/webrick.rb:89:in `service'
  /Users/miguel/.rvm/rubies/ruby-2.2.0/lib/ruby/2.2.0/webrick/httpserver.rb:138:in `service'
  /Users/miguel/.rvm/rubies/ruby-2.2.0/lib/ruby/2.2.0/webrick/httpserver.rb:94:in `run'
  /Users/miguel/.rvm/rubies/ruby-2.2.0/lib/ruby/2.2.0/webrick/server.rb:294:in `block in start_thread'


  Rendered /Users/miguel/.rvm/gems/ruby-2.2.0/gems/actionpack-4.2.0/lib/action_dispatch/middleware/templates/rescues/_source.erb (3.6ms)
  Rendered /Users/miguel/.rvm/gems/ruby-2.2.0/gems/actionpack-4.2.0/lib/action_dispatch/middleware/templates/rescues/_trace.html.erb (2.1ms)
  Rendered /Users/miguel/.rvm/gems/ruby-2.2.0/gems/actionpack-4.2.0/lib/action_dispatch/middleware/templates/rescues/_request_and_response.html.erb (1.2ms)
  Rendered /Users/miguel/.rvm/gems/ruby-2.2.0/gems/actionpack-4.2.0/lib/action_dispatch/middleware/templates/rescues/diagnostics.html.erb within rescues/layout (65.8ms)
  Rendered /Users/miguel/.rvm/gems/ruby-2.2.0/gems/web-console-2.1.0/lib/web_console/templates/_markup.html (0.6ms)
  Rendered /Users/miguel/.rvm/gems/ruby-2.2.0/gems/web-console-2.1.0/lib/web_console/templates/style.css within layouts/inlined_string (0.4ms)
  Rendered /Users/miguel/.rvm/gems/ruby-2.2.0/gems/web-console-2.1.0/lib/web_console/templates/_inner_console_markup.html within layouts/inlined_string (0.5ms)
  Rendered /Users/miguel/.rvm/gems/ruby-2.2.0/gems/web-console-2.1.0/lib/web_console/templates/_prompt_box_markup.html within layouts/inlined_string (0.4ms)
  Rendered /Users/miguel/.rvm/gems/ruby-2.2.0/gems/web-console-2.1.0/lib/web_console/templates/console.js within layouts/javascript (61.2ms)
  Rendered /Users/miguel/.rvm/gems/ruby-2.2.0/gems/web-console-2.1.0/lib/web_console/templates/main.js within layouts/javascript (0.5ms)
  Rendered /Users/miguel/.rvm/gems/ruby-2.2.0/gems/web-console-2.1.0/lib/web_console/templates/error_page.js within layouts/javascript (0.5ms)
  Rendered /Users/miguel/.rvm/gems/ruby-2.2.0/gems/web-console-2.1.0/lib/web_console/templates/index.html (135.0ms)
  [1m[36m (3.0ms)[0m  [1mCREATE TABLE "schema_migrations" ("version" varchar NOT NULL) [0m
  [1m[35m (0.1ms)[0m  select sqlite_version(*)
  [1m[36m (1.3ms)[0m  [1mCREATE UNIQUE INDEX "unique_schema_migrations" ON "schema_migrations" ("version")[0m
  [1m[35mActiveRecord::SchemaMigration Load (0.1ms)[0m  SELECT "schema_migrations".* FROM "schema_migrations"
Migrating to CreateQuestions (20150302140156)
  [1m[36m (0.1ms)[0m  [1mbegin transaction[0m
  [1m[35m (0.4ms)[0m  CREATE TABLE "questions" ("id" INTEGER PRIMARY KEY AUTOINCREMENT NOT NULL, "description" text, "answer_type" varchar, "marks" integer, "correct_answer" text, "created_at" datetime NOT NULL, "updated_at" datetime NOT NULL) 
  [1m[36mSQL (0.2ms)[0m  [1mINSERT INTO "schema_migrations" ("version") VALUES (?)[0m  [["version", "20150302140156"]]
  [1m[35m (0.9ms)[0m  commit transaction
  [1m[36mActiveRecord::SchemaMigration Load (0.1ms)[0m  [1mSELECT "schema_migrations".* FROM "schema_migrations"[0m


Started GET "/questions/new" for ::1 at 2015-03-02 15:02:45 +0100
  [1m[35mActiveRecord::SchemaMigration Load (0.1ms)[0m  SELECT "schema_migrations".* FROM "schema_migrations"
Processing by QuestionsController#new as HTML
  Rendered questions/_form.html.haml (26.6ms)
  Rendered questions/new.html.haml within layouts/application (31.9ms)
Completed 200 OK in 376ms (Views: 352.2ms | ActiveRecord: 0.4ms)


Started GET "/assets/jquery-87424c3c19e96d4fb033c10ebe21ec40.js?body=1" for ::1 at 2015-03-02 15:02:45 +0100


Started GET "/assets/application-936c57be323aab5ea21262f53ec6ced4.css?body=1" for ::1 at 2015-03-02 15:02:45 +0100


Started GET "/assets/turbolinks-f87b3583ca50adb0488b031297f5580d.js?body=1" for ::1 at 2015-03-02 15:02:45 +0100


Started GET "/assets/jquery_ujs-e27bd20a10d28155845a22d71ef94f2f.js?body=1" for ::1 at 2015-03-02 15:02:45 +0100


Started GET "/assets/bootstrap/affix-31984abe1036c1c2f684af192191ce9f.js?body=1" for ::1 at 2015-03-02 15:02:45 +0100


Started GET "/assets/bootstrap/button-98bba85be4dcdd597554e0b7ce8e33a2.js?body=1" for ::1 at 2015-03-02 15:02:45 +0100


Started GET "/assets/bootstrap/alert-7c03e11fecf6b3ef100f76ae4f08586e.js?body=1" for ::1 at 2015-03-02 15:02:45 +0100


Started GET "/assets/bootstrap/carousel-93f34f850a932957c93b7605c79faf45.js?body=1" for ::1 at 2015-03-02 15:02:45 +0100


Started GET "/assets/bootstrap/collapse-7a82a3d4fb154ded3d2702465e21ca00.js?body=1" for ::1 at 2015-03-02 15:02:45 +0100


Started GET "/assets/bootstrap/dropdown-65c3929585250221f53bae696936ed44.js?body=1" for ::1 at 2015-03-02 15:02:45 +0100


Started GET "/assets/bootstrap/tab-a90a1841af8c1eae12bfa5283a8093b0.js?body=1" for ::1 at 2015-03-02 15:02:45 +0100


Started GET "/assets/bootstrap/transition-9e4de96204f41141474e9dbb59570af9.js?body=1" for ::1 at 2015-03-02 15:02:45 +0100


Started GET "/assets/bootstrap/scrollspy-e550695030be1d627d1ba91b14792316.js?body=1" for ::1 at 2015-03-02 15:02:45 +0100


Started GET "/assets/bootstrap/modal-ce380b9327d2cf6c826d8df818ea48a1.js?body=1" for ::1 at 2015-03-02 15:02:45 +0100


Started GET "/assets/bootstrap/tooltip-4d90d4ee015d2df34a7696864b2ea83c.js?body=1" for ::1 at 2015-03-02 15:02:45 +0100


Started GET "/assets/bootstrap/popover-5a060f876311e7fcb18f35058070de5a.js?body=1" for ::1 at 2015-03-02 15:02:45 +0100


Started GET "/assets/bootstrap-f069863cd7c15927c7faef4bba9fc907.js?body=1" for ::1 at 2015-03-02 15:02:45 +0100


Started GET "/assets/bootstrap-sprockets-00b1738c651720f44abc4bbf70bedb3e.js?body=1" for ::1 at 2015-03-02 15:02:45 +0100


Started GET "/assets/questions-fcec5b5a277ac7c20cc9f45a209a3bcd.js?body=1" for ::1 at 2015-03-02 15:02:45 +0100


Started GET "/assets/application-8c084e18c1c551e3a7fc4e01b5ae90d7.js?body=1" for ::1 at 2015-03-02 15:02:45 +0100


Started GET "/assets/bootstrap/glyphicons-halflings-regular-3b21d33cc4addb2ebfe7f625dad8559b.woff2" for ::1 at 2015-03-02 15:02:46 +0100


Started GET "/questions" for ::1 at 2015-03-02 15:02:50 +0100
Processing by QuestionsController#index as HTML
  [1m[36mQuestion Load (0.3ms)[0m  [1mSELECT "questions".* FROM "questions"[0m
  Rendered questions/index.html.haml within layouts/application (6.7ms)
Completed 200 OK in 123ms (Views: 121.8ms | ActiveRecord: 0.3ms)


Started GET "/questions/new" for ::1 at 2015-03-02 15:02:52 +0100
Processing by QuestionsController#new as HTML
  Rendered questions/_form.html.haml (7.9ms)
  Rendered questions/new.html.haml within layouts/application (13.0ms)
Completed 200 OK in 138ms (Views: 137.4ms | ActiveRecord: 0.0ms)


Started POST "/questions" for ::1 at 2015-03-02 15:03:03 +0100
Processing by QuestionsController#create as HTML
  Parameters: {"utf8"=>"✓", "authenticity_token"=>"p7gUarmgib5yqzVNXO3+Pv3nNxe6RvMznsoB9C1PBfGNgAw+mbmR8CoL7AIfF510AtPAIaIRM2dzyQcGraOvcQ==", "question"=>{"description"=>"dscssd", "answer_type"=>"cdsc", "marks"=>"1", "correct_answer"=>"csdcs"}, "commit"=>"Create Question"}
  [1m[35m (0.1ms)[0m  begin transaction
  [1m[36mSQL (0.5ms)[0m  [1mINSERT INTO "questions" ("description", "answer_type", "marks", "correct_answer", "created_at", "updated_at") VALUES (?, ?, ?, ?, ?, ?)[0m  [["description", "dscssd"], ["answer_type", "cdsc"], ["marks", 1], ["correct_answer", "csdcs"], ["created_at", "2015-03-02 14:03:03.701910"], ["updated_at", "2015-03-02 14:03:03.701910"]]
  [1m[35m (1.1ms)[0m  commit transaction
Redirected to http://localhost:3000/questions/1
Completed 302 Found in 11ms (ActiveRecord: 1.8ms)


Started GET "/questions/1" for ::1 at 2015-03-02 15:03:03 +0100
Processing by QuestionsController#show as HTML
  Parameters: {"id"=>"1"}
  [1m[36mQuestion Load (0.3ms)[0m  [1mSELECT  "questions".* FROM "questions" WHERE "questions"."id" = ? LIMIT 1[0m  [["id", 1]]
  Rendered questions/show.html.haml within layouts/application (4.6ms)
Completed 200 OK in 148ms (Views: 136.4ms | ActiveRecord: 0.3ms)


Started GET "/assets/application-936c57be323aab5ea21262f53ec6ced4.css?body=1" for ::1 at 2015-03-02 15:03:03 +0100


Started GET "/assets/bootstrap/affix-31984abe1036c1c2f684af192191ce9f.js?body=1" for ::1 at 2015-03-02 15:03:03 +0100


Started GET "/assets/jquery-87424c3c19e96d4fb033c10ebe21ec40.js?body=1" for ::1 at 2015-03-02 15:03:03 +0100


Started GET "/assets/jquery_ujs-e27bd20a10d28155845a22d71ef94f2f.js?body=1" for ::1 at 2015-03-02 15:03:03 +0100


Started GET "/assets/turbolinks-f87b3583ca50adb0488b031297f5580d.js?body=1" for ::1 at 2015-03-02 15:03:03 +0100


Started GET "/assets/bootstrap/alert-7c03e11fecf6b3ef100f76ae4f08586e.js?body=1" for ::1 at 2015-03-02 15:03:03 +0100


Started GET "/assets/bootstrap/button-98bba85be4dcdd597554e0b7ce8e33a2.js?body=1" for ::1 at 2015-03-02 15:03:03 +0100


Started GET "/assets/bootstrap/carousel-93f34f850a932957c93b7605c79faf45.js?body=1" for ::1 at 2015-03-02 15:03:03 +0100


Started GET "/assets/bootstrap/collapse-7a82a3d4fb154ded3d2702465e21ca00.js?body=1" for ::1 at 2015-03-02 15:03:03 +0100


Started GET "/assets/bootstrap/dropdown-65c3929585250221f53bae696936ed44.js?body=1" for ::1 at 2015-03-02 15:03:03 +0100


Started GET "/assets/bootstrap/transition-9e4de96204f41141474e9dbb59570af9.js?body=1" for ::1 at 2015-03-02 15:03:03 +0100


Started GET "/assets/bootstrap/tab-a90a1841af8c1eae12bfa5283a8093b0.js?body=1" for ::1 at 2015-03-02 15:03:03 +0100


Started GET "/assets/bootstrap/scrollspy-e550695030be1d627d1ba91b14792316.js?body=1" for ::1 at 2015-03-02 15:03:03 +0100


Started GET "/assets/bootstrap/modal-ce380b9327d2cf6c826d8df818ea48a1.js?body=1" for ::1 at 2015-03-02 15:03:04 +0100


Started GET "/assets/bootstrap/tooltip-4d90d4ee015d2df34a7696864b2ea83c.js?body=1" for ::1 at 2015-03-02 15:03:04 +0100


Started GET "/assets/bootstrap/popover-5a060f876311e7fcb18f35058070de5a.js?body=1" for ::1 at 2015-03-02 15:03:04 +0100


Started GET "/assets/bootstrap-sprockets-00b1738c651720f44abc4bbf70bedb3e.js?body=1" for ::1 at 2015-03-02 15:03:04 +0100


Started GET "/assets/bootstrap-f069863cd7c15927c7faef4bba9fc907.js?body=1" for ::1 at 2015-03-02 15:03:04 +0100


Started GET "/assets/questions-fcec5b5a277ac7c20cc9f45a209a3bcd.js?body=1" for ::1 at 2015-03-02 15:03:04 +0100


Started GET "/assets/application-8c084e18c1c551e3a7fc4e01b5ae90d7.js?body=1" for ::1 at 2015-03-02 15:03:04 +0100


Started GET "/assets/bootstrap/glyphicons-halflings-regular-3b21d33cc4addb2ebfe7f625dad8559b.woff2" for ::1 at 2015-03-02 15:03:04 +0100


Started GET "/questions" for ::1 at 2015-03-02 15:03:06 +0100
Processing by QuestionsController#index as HTML
  [1m[35mQuestion Load (0.2ms)[0m  SELECT "questions".* FROM "questions"
  Rendered questions/index.html.haml within layouts/application (2.0ms)
Completed 200 OK in 124ms (Views: 123.0ms | ActiveRecord: 0.2ms)


Started DELETE "/questions/1" for ::1 at 2015-03-02 15:03:10 +0100
Processing by QuestionsController#destroy as HTML
  Parameters: {"authenticity_token"=>"EzvMRns9D/maLl903v3BautYErSKo7ThnqLB4UZXL+k5A9QSWyQXt8KOhjudB6IgFGzlgpL0dLVzoccTxruFaQ==", "id"=>"1"}
  [1m[36mQuestion Load (0.1ms)[0m  [1mSELECT  "questions".* FROM "questions" WHERE "questions"."id" = ? LIMIT 1[0m  [["id", 1]]
  [1m[35m (0.1ms)[0m  begin transaction
  [1m[36mSQL (0.3ms)[0m  [1mDELETE FROM "questions" WHERE "questions"."id" = ?[0m  [["id", 1]]
  [1m[35m (0.9ms)[0m  commit transaction
Redirected to http://localhost:3000/questions
Completed 302 Found in 4ms (ActiveRecord: 1.4ms)


Started GET "/questions" for ::1 at 2015-03-02 15:03:10 +0100
Processing by QuestionsController#index as HTML
  [1m[36mQuestion Load (0.2ms)[0m  [1mSELECT "questions".* FROM "questions"[0m
  Rendered questions/index.html.haml within layouts/application (5.7ms)
Completed 200 OK in 140ms (Views: 139.3ms | ActiveRecord: 0.2ms)


Started GET "/assets/jquery_ujs-e27bd20a10d28155845a22d71ef94f2f.js?body=1" for ::1 at 2015-03-02 15:03:10 +0100


Started GET "/assets/jquery-87424c3c19e96d4fb033c10ebe21ec40.js?body=1" for ::1 at 2015-03-02 15:03:10 +0100


Started GET "/assets/turbolinks-f87b3583ca50adb0488b031297f5580d.js?body=1" for ::1 at 2015-03-02 15:03:10 +0100


Started GET "/assets/bootstrap/alert-7c03e11fecf6b3ef100f76ae4f08586e.js?body=1" for ::1 at 2015-03-02 15:03:10 +0100


Started GET "/assets/bootstrap/affix-31984abe1036c1c2f684af192191ce9f.js?body=1" for ::1 at 2015-03-02 15:03:10 +0100


Started GET "/assets/bootstrap/button-98bba85be4dcdd597554e0b7ce8e33a2.js?body=1" for ::1 at 2015-03-02 15:03:10 +0100


Started GET "/assets/bootstrap/carousel-93f34f850a932957c93b7605c79faf45.js?body=1" for ::1 at 2015-03-02 15:03:10 +0100


Started GET "/assets/application-936c57be323aab5ea21262f53ec6ced4.css?body=1" for ::1 at 2015-03-02 15:03:10 +0100


Started GET "/assets/bootstrap/collapse-7a82a3d4fb154ded3d2702465e21ca00.js?body=1" for ::1 at 2015-03-02 15:03:10 +0100


Started GET "/assets/bootstrap/modal-ce380b9327d2cf6c826d8df818ea48a1.js?body=1" for ::1 at 2015-03-02 15:03:10 +0100


Started GET "/assets/bootstrap/dropdown-65c3929585250221f53bae696936ed44.js?body=1" for ::1 at 2015-03-02 15:03:10 +0100


Started GET "/assets/bootstrap/tab-a90a1841af8c1eae12bfa5283a8093b0.js?body=1" for ::1 at 2015-03-02 15:03:10 +0100


Started GET "/assets/bootstrap/popover-5a060f876311e7fcb18f35058070de5a.js?body=1" for ::1 at 2015-03-02 15:03:10 +0100


Started GET "/assets/bootstrap/transition-9e4de96204f41141474e9dbb59570af9.js?body=1" for ::1 at 2015-03-02 15:03:10 +0100


Started GET "/assets/bootstrap/scrollspy-e550695030be1d627d1ba91b14792316.js?body=1" for ::1 at 2015-03-02 15:03:10 +0100


Started GET "/assets/bootstrap-f069863cd7c15927c7faef4bba9fc907.js?body=1" for ::1 at 2015-03-02 15:03:10 +0100


Started GET "/assets/bootstrap/tooltip-4d90d4ee015d2df34a7696864b2ea83c.js?body=1" for ::1 at 2015-03-02 15:03:10 +0100


Started GET "/assets/application-8c084e18c1c551e3a7fc4e01b5ae90d7.js?body=1" for ::1 at 2015-03-02 15:03:10 +0100


Started GET "/assets/questions-fcec5b5a277ac7c20cc9f45a209a3bcd.js?body=1" for ::1 at 2015-03-02 15:03:10 +0100


Started GET "/assets/bootstrap-sprockets-00b1738c651720f44abc4bbf70bedb3e.js?body=1" for ::1 at 2015-03-02 15:03:10 +0100


Started GET "/assets/bootstrap/glyphicons-halflings-regular-3b21d33cc4addb2ebfe7f625dad8559b.woff2" for ::1 at 2015-03-02 15:03:10 +0100
